<?xml version="1.0" encoding="UTF-8"?>
<!-- Generated by org.testng.reporters.JUnitReportReporter -->
<testsuite hostname="DESKTOP-AT2VVSP" failures="0" tests="3" name="com.testcase.Home_TestCases" time="107.807" errors="0" timestamp="2025-09-28T22:03:12 IST" skipped="0">
  <testcase classname="com.testcase.Home_TestCases" name="Test_FromStationDropdwon" time="62.694"/>
  <testcase classname="com.testcase.Home_TestCases" name="Test_selectFromdromdown" time="19.563"/>
  <testcase classname="com.testcase.Home_TestCases" name="Test_HhandleCalendar" time="25.550"/>
</testsuite> <!-- com.testcase.Home_TestCases -->
