<?xml version="1.0" encoding="UTF-8"?>
<!-- Generated by org.testng.reporters.JUnitReportReporter -->
<testsuite hostname="DESKTOP-AT2VVSP" failures="0" tests="3" name="com.testcase.Home_TestCases" time="77.488" errors="0" timestamp="2025-09-29T14:24:50 IST" skipped="0">
  <testcase classname="com.testcase.Home_TestCases" name="Test_selectFromdromdown" time="28.450"/>
  <testcase classname="com.testcase.Home_TestCases" name="Test_FromStationDropdwon" time="22.500"/>
  <testcase classname="com.testcase.Home_TestCases" name="Test_HhandleCalendar" time="26.538"/>
</testsuite> <!-- com.testcase.Home_TestCases -->
