<?xml version="1.0" encoding="UTF-8"?>
<!-- Generated by org.testng.reporters.JUnitReportReporter -->
<testsuite hostname="DESKTOP-AT2VVSP" failures="0" tests="3" name="com.testcase.Home_TestCases" time="229.216" errors="0" timestamp="2025-09-29T13:58:00 IST" skipped="0">
  <testcase classname="com.testcase.Home_TestCases" name="Test_selectFromdromdown" time="63.996"/>
  <testcase classname="com.testcase.Home_TestCases" name="Test_FromStationDropdwon" time="26.278"/>
  <testcase classname="com.testcase.Home_TestCases" name="Test_HhandleCalendar" time="138.942"/>
</testsuite> <!-- com.testcase.Home_TestCases -->
